Cloning the remote Git repository
Cloning with configured refspecs honoured and without tags
Cloning repository https://github.com/AshutoshNI/ecom.git
 > git init /root/.jenkins/workspace/AshutoshNI_ecom_master-YJBEBDMWSFM2N2WS3LIGLPJU4MYTG5D37JMZWQ7V22P6XFTYLPBQ # timeout=10
Fetching upstream changes from https://github.com/AshutoshNI/ecom.git
 > git --version # timeout=10
using GIT_ASKPASS to set credentials GitHub Access Token
 > git fetch --no-tags --progress https://github.com/AshutoshNI/ecom.git +refs/heads/master:refs/remotes/origin/master
 > git config remote.origin.url https://github.com/AshutoshNI/ecom.git # timeout=10
 > git config --add remote.origin.fetch +refs/heads/master:refs/remotes/origin/master # timeout=10
 > git config remote.origin.url https://github.com/AshutoshNI/ecom.git # timeout=10
Fetching without tags
Fetching upstream changes from https://github.com/AshutoshNI/ecom.git
using GIT_ASKPASS to set credentials GitHub Access Token
 > git fetch --no-tags --progress https://github.com/AshutoshNI/ecom.git +refs/heads/master:refs/remotes/origin/master
Checking out Revision 55eaaccf50dc1ca1d2fe8eba22825c50083fdfc1 (master)
Commit message: "Update Jenkinsfile"
 > git config core.sparsecheckout # timeout=10
 > git checkout -f 55eaaccf50dc1ca1d2fe8eba22825c50083fdfc1
First time build. Skipping changelog.
